[debug] [2023-12-15T19:31:04.458Z] ----------------------------------------------------------------------
[debug] [2023-12-15T19:31:04.459Z] Command:       C:\Program Files\nodejs\node.exe C:\Users\xyambay\AppData\Roaming\npm\node_modules\firebase-tools\lib\bin\firebase.js init
[debug] [2023-12-15T19:31:04.459Z] CLI Version:   13.0.2
[debug] [2023-12-15T19:31:04.460Z] Platform:      win32
[debug] [2023-12-15T19:31:04.460Z] Node Version:  v18.10.0
[debug] [2023-12-15T19:31:04.460Z] Time:          Fri Dec 15 2023 14:31:04 GMT-0500 (Ecuador Time)
[debug] [2023-12-15T19:31:04.460Z] ----------------------------------------------------------------------
[debug] 
[debug] [2023-12-15T19:31:04.511Z] > command requires scopes: ["email","openid","https://www.googleapis.com/auth/cloudplatformprojects.readonly","https://www.googleapis.com/auth/firebase","https://www.googleapis.com/auth/cloud-platform"]
[debug] [2023-12-15T19:31:04.512Z] > authorizing via signed-in user (xavier.yri2@gmail.com)
[info] 
     ######## #### ########  ######## ########     ###     ######  ########
     ##        ##  ##     ## ##       ##     ##  ##   ##  ##       ##
     ######    ##  ########  ######   ########  #########  ######  ######
     ##        ##  ##    ##  ##       ##     ## ##     ##       ## ##
     ##       #### ##     ## ######## ########  ##     ##  ######  ########

You're about to initialize a Firebase project in this directory:

  C:\Users\xyambay\Documents\sources\repos_EMGIRSEP\quitorecicla-webapp

Before we get started, keep in mind:

  * You are initializing within an existing Firebase project directory

[info] 
=== Project Setup
[info] 
[info] First, let's associate this project directory with a Firebase project.
[info] You can create multiple project aliases by running firebase use --add, 
[info] but for now we'll just set up a default project.
[info] 
[debug] [2023-12-15T19:31:12.335Z] Using project from CLI flag: quitorecicla-webapp
[debug] [2023-12-15T19:31:12.337Z] >>> [apiv2][query] GET https://firebase.googleapis.com/v1beta1/projects/quitorecicla-webapp [none]
[debug] [2023-12-15T19:31:12.788Z] <<< [apiv2][status] GET https://firebase.googleapis.com/v1beta1/projects/quitorecicla-webapp 200
[debug] [2023-12-15T19:31:12.788Z] <<< [apiv2][body] GET https://firebase.googleapis.com/v1beta1/projects/quitorecicla-webapp {"projectId":"quitorecicla-webapp","projectNumber":"332903900892","displayName":"quitorecicla-webapp","name":"projects/quitorecicla-webapp","resources":{"hostingSite":"quitorecicla-webapp"},"state":"ACTIVE","etag":"1_e8ae5f69-f17f-4cce-9524-66df9f643f7c"}
[info] i  Using project quitorecicla-webapp (quitorecicla-webapp) 
[info] 
=== Hosting Setup
[debug] [2023-12-15T19:31:12.798Z] >>> [apiv2][query] GET https://firebase.googleapis.com/v1beta1/projects/quitorecicla-webapp [none]
[debug] [2023-12-15T19:31:13.215Z] <<< [apiv2][status] GET https://firebase.googleapis.com/v1beta1/projects/quitorecicla-webapp 200
[debug] [2023-12-15T19:31:13.215Z] <<< [apiv2][body] GET https://firebase.googleapis.com/v1beta1/projects/quitorecicla-webapp {"projectId":"quitorecicla-webapp","projectNumber":"332903900892","displayName":"quitorecicla-webapp","name":"projects/quitorecicla-webapp","resources":{"hostingSite":"quitorecicla-webapp"},"state":"ACTIVE","etag":"1_e8ae5f69-f17f-4cce-9524-66df9f643f7c"}
[info] 
[info] Your public directory is the folder (relative to your project directory) that
[info] will contain Hosting assets to be uploaded with firebase deploy. If you
[info] have a build process for your assets, use your build's output directory.
[info] 
[debug] [2023-12-15T19:31:34.360Z] >>> [apiv2][query] GET https://www.gstatic.com/firebasejs/releases.json [none]
[debug] [2023-12-15T19:31:34.528Z] <<< [apiv2][status] GET https://www.gstatic.com/firebasejs/releases.json 200
[debug] [2023-12-15T19:31:34.529Z] <<< [apiv2][body] GET https://www.gstatic.com/firebasejs/releases.json {"current":{"version":"10.7.1","browserURL":"https://www.gstatic.com/firebasejs/10.7.1/firebase.js","packageURL":"https://www.gstatic.com/firebasejs/10.7.1/firebase.tgz"},"live":{"version":"10.7","browserURL":"https://www.gstatic.com/firebasejs/live/10.7/firebase.js","packageURL":"https://www.gstatic.com/firebasejs/live/10.7/firebase.tgz"},"components":{"analytics":"https://www.gstatic.com/firebasejs/10.7.1/firebase-analytics.js","app":"https://www.gstatic.com/firebasejs/10.7.1/firebase-app.js","app-check":"https://www.gstatic.com/firebasejs/10.7.1/firebase-app-check.js","auth":"https://www.gstatic.com/firebasejs/10.7.1/firebase-auth.js","auth/cordova":"https://www.gstatic.com/firebasejs/10.7.1/firebase-auth/cordova.js","functions":"https://www.gstatic.com/firebasejs/10.7.1/firebase-functions.js","firestore":"https://www.gstatic.com/firebasejs/10.7.1/firebase-firestore.js","firestore/lite":"https://www.gstatic.com/firebasejs/10.7.1/firebase-firestore/lite.js","installations":"https://www.gstatic.com/firebasejs/10.7.1/firebase-installations.js","storage":"https://www.gstatic.com/firebasejs/10.7.1/firebase-storage.js","performance":"https://www.gstatic.com/firebasejs/10.7.1/firebase-performance.js","remote-config":"https://www.gstatic.com/firebasejs/10.7.1/firebase-remote-config.js","messaging":"https://www.gstatic.com/firebasejs/10.7.1/firebase-messaging.js","messaging/sw":"https://www.gstatic.com/firebasejs/10.7.1/firebase-messaging/sw.js","database":"https://www.gstatic.com/firebasejs/10.7.1/firebase-database.js","firestore.memory":"https://www.gstatic.com/firebasejs/10.7.1/firebase-firestore.memory.js"}}
[info] +  Wrote dist/quitorecicla-webapp/index.html 
[info] 
[info] i  Detected a .git folder at C:\Users\xyambay\Documents\sources\repos_EMGIRSEP\quitorecicla-webapp 
[info] i  Authorizing with GitHub to upload your service account to a GitHub repository's secrets store. 
[info] 
[info] Visit this URL on this device to log in:
[info] https://github.com/login/oauth/authorize?client_id=89cf50f02ac6aaed3484&state=908656300&redirect_uri=http%3A%2F%2Flocalhost%3A9005&scope=read%3Auser%20repo%20public_repo
[info] 
[info] Waiting for authentication...
